{"level":50,"time":"20-Aug-2025 17:12:21 021","pid":24032,"hostname":"WishIT","msg":"Errore recupero documenti:"}
{"level":50,"time":"20-Aug-2025 17:12:23 023","pid":24032,"hostname":"WishIT","msg":"Errore recupero documenti:"}
{"level":50,"time":"20-Aug-2025 17:12:30 030","pid":24032,"hostname":"WishIT","msg":"Errore recupero documenti:"}
{"level":50,"time":"20-Aug-2025 17:13:10 010","pid":24032,"hostname":"WishIT","msg":"Errore recupero documenti:"}
{"level":50,"time":"20-Aug-2025 17:13:28 028","pid":24032,"hostname":"WishIT","msg":"Errore recupero documenti:"}
{"level":50,"time":"20-Aug-2025 17:20:16 016","pid":24032,"hostname":"WishIT","msg":"Errore recupero documenti:"}
{"level":50,"time":"20-Aug-2025 17:20:59 059","pid":24032,"hostname":"WishIT","msg":"Errore recupero documenti:"}
{"level":50,"time":"20-Aug-2025 17:22:17 017","pid":24032,"hostname":"WishIT","msg":"Errore recupero documenti:"}
{"level":50,"time":"20-Aug-2025 17:22:49 049","pid":24032,"hostname":"WishIT","msg":"Errore recupero documenti:"}
{"level":50,"time":"20-Aug-2025 17:23:04 004","pid":24032,"hostname":"WishIT","msg":"Errore recupero documenti:"}
{"level":50,"time":"20-Aug-2025 17:24:07 007","pid":24032,"hostname":"WishIT","msg":"Errore recupero documenti:"}
{"level":50,"time":"20-Aug-2025 17:25:20 020","pid":24032,"hostname":"WishIT","msg":"Errore recupero documenti:"}
{"level":50,"time":"20-Aug-2025 17:27:20 020","pid":24032,"hostname":"WishIT","msg":"Errore recupero documenti:"}
{"level":50,"time":"20-Aug-2025 17:28:14 014","pid":24032,"hostname":"WishIT","msg":"Errore recupero documenti:"}
{"level":50,"time":"20-Aug-2025 17:29:00 000","pid":24032,"hostname":"WishIT","msg":"Errore recupero documenti:"}
{"level":50,"time":"20-Aug-2025 17:33:48 048","pid":24032,"hostname":"WishIT","msg":"Errore recupero documenti:"}
{"level":50,"time":"20-Aug-2025 17:35:20 020","pid":24032,"hostname":"WishIT","msg":"Errore recupero documenti:"}
{"level":50,"time":"20-Aug-2025 17:36:22 022","pid":24032,"hostname":"WishIT","msg":"Errore recupero documenti:"}
{"level":50,"time":"20-Aug-2025 17:36:32 032","pid":24032,"hostname":"WishIT","msg":"Errore recupero documenti:"}
{"level":50,"time":"20-Aug-2025 17:36:54 054","pid":24032,"hostname":"WishIT","msg":"Errore recupero documenti:"}
{"level":50,"time":"20-Aug-2025 17:37:08 008","pid":24032,"hostname":"WishIT","msg":"Errore recupero documenti:"}
{"level":50,"time":"20-Aug-2025 17:37:13 013","pid":24032,"hostname":"WishIT","msg":"Errore recupero documenti:"}
{"level":50,"time":"20-Aug-2025 17:37:21 021","pid":24032,"hostname":"WishIT","msg":"Errore recupero documenti:"}
{"level":50,"time":"20-Aug-2025 17:39:16 016","pid":24032,"hostname":"WishIT","msg":"Errore recupero documenti:"}
{"level":50,"time":"20-Aug-2025 17:39:24 024","pid":24032,"hostname":"WishIT","msg":"Errore recupero documenti:"}
{"level":50,"time":"20-Aug-2025 17:40:23 023","pid":24032,"hostname":"WishIT","msg":"Errore recupero documenti:"}
{"level":50,"time":"20-Aug-2025 17:40:27 027","pid":24032,"hostname":"WishIT","msg":"Errore recupero documenti:"}
{"level":50,"time":"20-Aug-2025 17:43:06 006","pid":18336,"hostname":"WishIT","msg":"Errore1 recupero documenti:"}
{"level":50,"time":"20-Aug-2025 17:44:14 014","pid":21656,"hostname":"WishIT","msg":"Errore recupero documenti:"}
{"level":50,"time":"21-Aug-2025 10:19:28 028","pid":8612,"hostname":"WishIT","msg":"Errore eliminazione documento:"}
{"level":50,"time":"21-Aug-2025 10:19:29 029","pid":8612,"hostname":"WishIT","msg":"Errore eliminazione documento:"}
{"level":50,"time":"21-Aug-2025 10:19:40 040","pid":8612,"hostname":"WishIT","msg":"Errore eliminazione documento:"}
{"level":50,"time":"21-Aug-2025 10:20:01 001","pid":8612,"hostname":"WishIT","msg":"Errore eliminazione documento:"}
{"level":50,"time":"21-Aug-2025 10:21:10 010","pid":8612,"hostname":"WishIT","msg":"Errore eliminazione documento:"}
{"level":50,"time":"21-Aug-2025 10:22:19 019","pid":8612,"hostname":"WishIT","msg":"Errore eliminazione documento:"}
{"level":50,"time":"21-Aug-2025 10:22:21 021","pid":8612,"hostname":"WishIT","msg":"Errore eliminazione documento:"}
{"level":50,"time":"21-Aug-2025 10:27:36 036","pid":8612,"hostname":"WishIT","msg":"Errore eliminazione documento:"}
{"level":50,"time":"21-Aug-2025 10:31:49 049","pid":8612,"hostname":"WishIT","msg":"Errore eliminazione documento:"}
{"level":50,"time":"21-Aug-2025 10:36:14 014","pid":6540,"hostname":"WishIT","msg":"Errore eliminazione documento:"}
{"level":50,"time":"21-Aug-2025 10:37:16 016","pid":8148,"hostname":"WishIT","msg":"Errore eliminazione documento:"}
{"level":50,"time":"21-Aug-2025 10:38:11 011","pid":23808,"hostname":"WishIT","msg":"Errore eliminazione documento:"}
{"level":50,"time":"21-Aug-2025 10:38:25 025","pid":23808,"hostname":"WishIT","msg":"Errore eliminazione documento:"}
{"level":50,"time":"21-Aug-2025 10:49:56 056","pid":14436,"hostname":"WishIT","msg":"Errore eliminazione documento:"}
{"level":50,"time":"21-Aug-2025 10:57:35 035","pid":16676,"hostname":"WishIT","msg":"Errore eliminazione documento:"}
{"level":50,"time":"21-Aug-2025 10:58:51 051","pid":16676,"hostname":"WishIT","msg":"Errore eliminazione documento:"}
{"level":50,"time":"21-Aug-2025 10:59:45 045","pid":16676,"hostname":"WishIT","msg":"Errore eliminazione documento:"}
{"level":50,"time":"21-Aug-2025 11:15:29 029","pid":22732,"hostname":"WishIT","msg":"Errore eliminazione documento:"}
{"level":50,"time":"21-Aug-2025 11:16:02 002","pid":22732,"hostname":"WishIT","msg":"Errore eliminazione documento:"}
{"level":50,"time":"21-Aug-2025 11:18:51 051","pid":14704,"hostname":"WishIT","msg":"Errore eliminazione documento:"}
{"level":50,"time":"21-Aug-2025 11:19:54 054","pid":14792,"hostname":"WishIT","msg":"Errore eliminazione documento:"}
{"level":50,"time":"21-Aug-2025 11:20:55 055","pid":7376,"hostname":"WishIT","msg":"Errore eliminazione documento:"}
{"level":50,"time":"21-Aug-2025 11:23:23 023","pid":13860,"hostname":"WishIT","msg":"Errore eliminazione documento:"}
{"level":50,"time":"21-Aug-2025 11:24:00 000","pid":13860,"hostname":"WishIT","msg":"Errore eliminazione documento:"}
{"level":50,"time":"21-Aug-2025 11:25:00 000","pid":9788,"hostname":"WishIT","msg":"Errore eliminazione documento:"}
{"level":50,"time":"21-Aug-2025 11:27:13 013","pid":24200,"hostname":"WishIT","msg":"Errore eliminazione documento:"}
{"level":50,"time":"11-Mar-2026 16:03:09 009","pid":6224,"hostname":"WishIT","msg":"❌ Error:"}
{"level":50,"time":"11-Mar-2026 16:03:14 014","pid":6224,"hostname":"WishIT","msg":"❌ Error:"}
{"level":50,"time":"11-Mar-2026 16:03:20 020","pid":22040,"hostname":"WishIT","msg":"❌ Error:"}
{"level":50,"time":"18-Mar-2026 13:54:40 040","pid":408,"hostname":"WishIT","msg":"❌ Error:"}
{"level":50,"time":"18-Mar-2026 14:56:52 052","pid":17956,"hostname":"WishIT","msg":"❌ Error:"}
{"level":50,"time":"24-Mar-2026 13:07:11 011","pid":3416,"hostname":"WishIT","msg":"❌ Error:"}
{"level":50,"time":"24-Mar-2026 13:07:42 042","pid":3416,"hostname":"WishIT","msg":"❌ Error:"}
{"level":50,"time":"24-Mar-2026 13:15:03 003","pid":3416,"hostname":"WishIT","msg":"❌ Error:"}
{"level":50,"time":"24-Mar-2026 13:28:21 021","pid":3416,"hostname":"WishIT","msg":"❌ Error:"}
{"level":50,"time":"24-Mar-2026 13:37:56 056","pid":6980,"hostname":"WishIT","msg":"❌ Error:"}
{"level":50,"time":"24-Mar-2026 13:38:49 049","pid":7672,"hostname":"WishIT","msg":"❌ Error:"}
{"level":50,"time":"24-Mar-2026 13:41:53 053","pid":14832,"hostname":"WishIT","msg":"❌ Error:"}
{"level":50,"time":"24-Mar-2026 13:44:32 032","pid":12252,"hostname":"WishIT","msg":"❌ Error:"}
{"level":50,"time":"24-Mar-2026 13:44:53 053","pid":10184,"hostname":"WishIT","msg":"❌ Error:"}
{"level":50,"time":"24-Mar-2026 13:46:13 013","pid":1132,"hostname":"WishIT","msg":"❌ Error:"}
{"level":50,"time":"24-Mar-2026 13:46:42 042","pid":1132,"hostname":"WishIT","msg":"❌ Error:"}
{"level":50,"time":"24-Mar-2026 13:48:18 018","pid":1132,"hostname":"WishIT","msg":"❌ Error:"}
{"level":50,"time":"08-Apr-2026 15:41:51 051","pid":10136,"hostname":"DESKTOP-TQLSF1I","msg":"❌ Error:"}
{"level":50,"time":"08-Apr-2026 15:42:14 014","pid":10136,"hostname":"DESKTOP-TQLSF1I","msg":"❌ Error:"}
{"level":50,"time":"08-Apr-2026 15:43:07 007","pid":10136,"hostname":"DESKTOP-TQLSF1I","msg":"❌ Error:"}
{"level":50,"time":"08-Apr-2026 15:43:33 033","pid":10136,"hostname":"DESKTOP-TQLSF1I","msg":"❌ Error:"}
